-------------------------------------------------------------------------------
Test set: seng426.team14.RunCucumberTest
-------------------------------------------------------------------------------
Tests run: 1, Failures: 0, Errors: 1, Skipped: 0, Time elapsed: 5.384 s <<< FAILURE! - in seng426.team14.RunCucumberTest
Index Page.User should be able to view the public content on the index page  Time elapsed: 5.267 s  <<< ERROR!
org.openqa.selenium.WebDriverException: 
unknown error: net::ERR_SSL_PROTOCOL_ERROR
  (Session info: chrome=103.0.5060.66)
Build info: version: '4.2.2', revision: '683ccb65d6'
System info: host: 'DESKTOP-L1BBI9G', ip: '10.0.0.187', os.name: 'Windows 11', os.arch: 'amd64', os.version: '10.0', java.version: '18.0.1.1'
Driver info: org.openqa.selenium.chrome.ChromeDriver
Command: [32f204caa8b38fb8e58bb1ca2d87ed31, get {url=https://localhost:3000}]
Capabilities {acceptInsecureCerts: false, browserName: chrome, browserVersion: 103.0.5060.66, chrome: {chromedriverVersion: 102.0.5005.61 (0e59bcc00cc4..., userDataDir: C:\Users\klies\AppData\Loca...}, goog:chromeOptions: {debuggerAddress: localhost:57138}, networkConnectionEnabled: false, pageLoadStrategy: normal, platformName: WINDOWS, proxy: Proxy(), se:cdp: ws://localhost:57138/devtoo..., se:cdpVersion: 103.0.5060.66, setWindowRect: true, strictFileInteractability: false, timeouts: {implicit: 0, pageLoad: 300000, script: 30000}, unhandledPromptBehavior: dismiss and notify, webauthn:extension:credBlob: true, webauthn:extension:largeBlob: true, webauthn:virtualAuthenticators: true}
Session ID: 32f204caa8b38fb8e58bb1ca2d87ed31
	at java.base/jdk.internal.reflect.DirectConstructorHandleAccessor.newInstance(DirectConstructorHandleAccessor.java:67)
	at java.base/java.lang.reflect.Constructor.newInstanceWithCaller(Constructor.java:499)
	at java.base/java.lang.reflect.Constructor.newInstance(Constructor.java:483)
	at org.openqa.selenium.remote.codec.w3c.W3CHttpResponseCodec.createException(W3CHttpResponseCodec.java:200)
	at org.openqa.selenium.remote.codec.w3c.W3CHttpResponseCodec.decode(W3CHttpResponseCodec.java:133)
	at org.openqa.selenium.remote.codec.w3c.W3CHttpResponseCodec.decode(W3CHttpResponseCodec.java:53)
	at org.openqa.selenium.remote.HttpCommandExecutor.execute(HttpCommandExecutor.java:184)
	at org.openqa.selenium.remote.service.DriverCommandExecutor.invokeExecute(DriverCommandExecutor.java:167)
	at org.openqa.selenium.remote.service.DriverCommandExecutor.execute(DriverCommandExecutor.java:142)
	at org.openqa.selenium.remote.RemoteWebDriver.execute(RemoteWebDriver.java:588)
	at org.openqa.selenium.remote.RemoteWebDriver.get(RemoteWebDriver.java:351)
	at seng426.team14.StepDefinitions.iGetToIndexPage(StepDefinitions.java:44)
	at ✽.I get to index page(classpath:seng426/team14/features/index.feature:3)

