<?xml version="1.0" encoding="UTF-8"?>
<testsuite xmlns:xsi="http://www.w3.org/2001/XMLSchema-instance" xsi:noNamespaceSchemaLocation="https://maven.apache.org/surefire/maven-surefire-plugin/xsd/surefire-test-report-3.0.xsd" version="3.0" name="seng426.team14.RunCucumberTest" time="5.384" tests="1" errors="1" skipped="0" failures="0">
  <properties>
[...]
</properties>
  <testcase name="User should be able to view the public content on the index page" classname="Index Page" time="5.267">
    <error message="unknown error: net::ERR_SSL_PROTOCOL_ERROR&#10;  (Session info: chrome=103.0.5060.66)&#10;Build info: version: &apos;4.2.2&apos;, revision: &apos;683ccb65d6&apos;&#10;System info: host: &apos;DESKTOP-L1BBI9G&apos;, ip: &apos;10.0.0.187&apos;, os.name: &apos;Windows 11&apos;, os.arch: &apos;amd64&apos;, os.version: &apos;10.0&apos;, java.version: &apos;18.0.1.1&apos;&#10;Driver info: org.openqa.selenium.chrome.ChromeDriver&#10;Command: [32f204caa8b38fb8e58bb1ca2d87ed31, get {url=https://localhost:3000}]&#10;Capabilities {acceptInsecureCerts: false, browserName: chrome, browserVersion: 103.0.5060.66, chrome: {chromedriverVersion: 102.0.5005.61 (0e59bcc00cc4..., userDataDir: C:\Users\klies\AppData\Loca...}, goog:chromeOptions: {debuggerAddress: localhost:57138}, networkConnectionEnabled: false, pageLoadStrategy: normal, platformName: WINDOWS, proxy: Proxy(), se:cdp: ws://localhost:57138/devtoo..., se:cdpVersion: 103.0.5060.66, setWindowRect: true, strictFileInteractability: false, timeouts: {implicit: 0, pageLoad: 300000, script: 30000}, unhandledPromptBehavior: dismiss and notify, webauthn:extension:credBlob: true, webauthn:extension:largeBlob: true, webauthn:virtualAuthenticators: true}&#10;Session ID: 32f204caa8b38fb8e58bb1ca2d87ed31" type="org.openqa.selenium.WebDriverException"><![CDATA[org.openqa.selenium.WebDriverException: 
unknown error: net::ERR_SSL_PROTOCOL_ERROR
  (Session info: chrome=103.0.5060.66)
Build info: version: '4.2.2', revision: '683ccb65d6'
System info: host: 'DESKTOP-L1BBI9G', ip: '10.0.0.187', os.name: 'Windows 11', os.arch: 'amd64', os.version: '10.0', java.version: '18.0.1.1'
Driver info: org.openqa.selenium.chrome.ChromeDriver
Command: [32f204caa8b38fb8e58bb1ca2d87ed31, get {url=https://localhost:3000}]
Capabilities {acceptInsecureCerts: false, browserName: chrome, browserVersion: 103.0.5060.66, chrome: {chromedriverVersion: 102.0.5005.61 (0e59bcc00cc4..., userDataDir: C:\Users\klies\AppData\Loca...}, goog:chromeOptions: {debuggerAddress: localhost:57138}, networkConnectionEnabled: false, pageLoadStrategy: normal, platformName: WINDOWS, proxy: Proxy(), se:cdp: ws://localhost:57138/devtoo..., se:cdpVersion: 103.0.5060.66, setWindowRect: true, strictFileInteractability: false, timeouts: {implicit: 0, pageLoad: 300000, script: 30000}, unhandledPromptBehavior: dismiss and notify, webauthn:extension:credBlob: true, webauthn:extension:largeBlob: true, webauthn:virtualAuthenticators: true}
Session ID: 32f204caa8b38fb8e58bb1ca2d87ed31
	at java.base/jdk.internal.reflect.DirectConstructorHandleAccessor.newInstance(DirectConstructorHandleAccessor.java:67)
	at java.base/java.lang.reflect.Constructor.newInstanceWithCaller(Constructor.java:499)
	at java.base/java.lang.reflect.Constructor.newInstance(Constructor.java:483)
	at org.openqa.selenium.remote.codec.w3c.W3CHttpResponseCodec.createException(W3CHttpResponseCodec.java:200)
	at org.openqa.selenium.remote.codec.w3c.W3CHttpResponseCodec.decode(W3CHttpResponseCodec.java:133)
	at org.openqa.selenium.remote.codec.w3c.W3CHttpResponseCodec.decode(W3CHttpResponseCodec.java:53)
	at org.openqa.selenium.remote.HttpCommandExecutor.execute(HttpCommandExecutor.java:184)
	at org.openqa.selenium.remote.service.DriverCommandExecutor.invokeExecute(DriverCommandExecutor.java:167)
	at org.openqa.selenium.remote.service.DriverCommandExecutor.execute(DriverCommandExecutor.java:142)
	at org.openqa.selenium.remote.RemoteWebDriver.execute(RemoteWebDriver.java:588)
	at org.openqa.selenium.remote.RemoteWebDriver.get(RemoteWebDriver.java:351)
	at seng426.team14.StepDefinitions.iGetToIndexPage(StepDefinitions.java:44)
	at ✽.I get to index page(classpath:seng426/team14/features/index.feature:3)
]]></error>
    <system-out><![CDATA[DEBUG: before method: init driver
DEBUG: Current Thread ID - 1
Thread Name - main
Current Driver - ChromeDriver: chrome on WINDOWS (32f204caa8b38fb8e58bb1ca2d87ed31)
DEBUG: after method: close driver
]]></system-out>
    <system-err><![CDATA[SLF4J: Failed to load class "org.slf4j.impl.StaticLoggerBinder".
SLF4J: Defaulting to no-operation (NOP) logger implementation
SLF4J: See http://www.slf4j.org/codes.html#StaticLoggerBinder for further details.
Starting ChromeDriver 102.0.5005.61 (0e59bcc00cc4985ce39ad31c150065f159d95ad3-refs/branch-heads/5005@{#819}) on port 50036
Only local connections are allowed.
Please see https://chromedriver.chromium.org/security-considerations for suggestions on keeping ChromeDriver safe.
ChromeDriver was started successfully.
[1656890421.680][WARNING]: This version of ChromeDriver has not been tested with Chrome version 103.
7月 03, 2022 4:20:22 下午 org.openqa.selenium.remote.ProtocolHandshake createSession
信息: Detected upstream dialect: W3C
7月 03, 2022 4:20:22 下午 org.openqa.selenium.devtools.CdpVersionFinder findNearestMatch
警告: Unable to find an exact match for CDP version 103, so returning the closest version found: 102
7月 03, 2022 4:20:22 下午 org.openqa.selenium.devtools.CdpVersionFinder findNearestMatch
信息: Found CDP implementation for version 103 of 102
]]></system-err>
  </testcase>
</testsuite>